CRITICAL - 2025-06-10 16:18:38 --> CodeIgniter\Router\Exceptions\RouterException: The namespace delimiter is a backslash (\), not a slash (/). Route handler: "\App\Controllers\home/Accueil::index"
[Method: GET, Route: accueil]
in SYSTEMPATH\Router\Router.php on line 496.
 1 SYSTEMPATH\Router\Router.php(496): CodeIgniter\Router\Exceptions\RouterException::forInvalidControllerName('\\App\\Controllers\\home/Accueil::index')
 2 SYSTEMPATH\Router\Router.php(213): CodeIgniter\Router\Router->checkRoutes('accueil')
 3 SYSTEMPATH\CodeIgniter.php(832): CodeIgniter\Router\Router->handle('accueil')
 4 SYSTEMPATH\CodeIgniter.php(455): CodeIgniter\CodeIgniter->tryToRouteIt(Object(CodeIgniter\Router\RouteCollection))
 5 SYSTEMPATH\CodeIgniter.php(354): CodeIgniter\CodeIgniter->handleRequest(null, Object(Config\Cache), false)
 6 SYSTEMPATH\Boot.php(334): CodeIgniter\CodeIgniter->run()
 7 SYSTEMPATH\Boot.php(67): CodeIgniter\Boot::runCodeIgniter(Object(CodeIgniter\CodeIgniter))
 8 FCPATH\index.php(59): CodeIgniter\Boot::bootWeb(Object(Config\Paths))
CRITICAL - 2025-06-10 16:18:47 --> CodeIgniter\Router\Exceptions\RouterException: The namespace delimiter is a backslash (\), not a slash (/). Route handler: "\App\Controllers\home/Accueil::index"
[Method: GET, Route: accueil]
in SYSTEMPATH\Router\Router.php on line 496.
 1 SYSTEMPATH\Router\Router.php(496): CodeIgniter\Router\Exceptions\RouterException::forInvalidControllerName('\\App\\Controllers\\home/Accueil::index')
 2 SYSTEMPATH\Router\Router.php(213): CodeIgniter\Router\Router->checkRoutes('accueil')
 3 SYSTEMPATH\CodeIgniter.php(832): CodeIgniter\Router\Router->handle('accueil')
 4 SYSTEMPATH\CodeIgniter.php(455): CodeIgniter\CodeIgniter->tryToRouteIt(Object(CodeIgniter\Router\RouteCollection))
 5 SYSTEMPATH\CodeIgniter.php(354): CodeIgniter\CodeIgniter->handleRequest(null, Object(Config\Cache), false)
 6 SYSTEMPATH\Boot.php(334): CodeIgniter\CodeIgniter->run()
 7 SYSTEMPATH\Boot.php(67): CodeIgniter\Boot::runCodeIgniter(Object(CodeIgniter\CodeIgniter))
 8 FCPATH\index.php(59): CodeIgniter\Boot::bootWeb(Object(Config\Paths))
CRITICAL - 2025-06-10 16:24:09 --> CodeIgniter\Router\Exceptions\RouterException: The namespace delimiter is a backslash (\), not a slash (/). Route handler: "\App\Controllers\home/Accueil::index"
[Method: GET, Route: accueil]
in SYSTEMPATH\Router\Router.php on line 496.
 1 SYSTEMPATH\Router\Router.php(496): CodeIgniter\Router\Exceptions\RouterException::forInvalidControllerName('\\App\\Controllers\\home/Accueil::index')
 2 SYSTEMPATH\Router\Router.php(213): CodeIgniter\Router\Router->checkRoutes('accueil')
 3 SYSTEMPATH\CodeIgniter.php(832): CodeIgniter\Router\Router->handle('accueil')
 4 SYSTEMPATH\CodeIgniter.php(455): CodeIgniter\CodeIgniter->tryToRouteIt(Object(CodeIgniter\Router\RouteCollection))
 5 SYSTEMPATH\CodeIgniter.php(354): CodeIgniter\CodeIgniter->handleRequest(null, Object(Config\Cache), false)
 6 SYSTEMPATH\Boot.php(334): CodeIgniter\CodeIgniter->run()
 7 SYSTEMPATH\Boot.php(67): CodeIgniter\Boot::runCodeIgniter(Object(CodeIgniter\CodeIgniter))
 8 FCPATH\index.php(59): CodeIgniter\Boot::bootWeb(Object(Config\Paths))
CRITICAL - 2025-06-10 16:37:49 --> ErrorException: Undefined variable $base_url
[Method: GET, Route: accueil]
in APPPATH\Views\accueil\index.php on line 7.
 1 APPPATH\Views\accueil\index.php(7): CodeIgniter\Debug\Exceptions->errorHandler(2, 'Undefined variable $base_url', 'C:\\wamp64\\www\\codeigniter4\\app\\Views\\accueil\\index.php', 7)
 2 SYSTEMPATH\View\View.php(224): include('C:\\wamp64\\www\\codeigniter4\\app\\Views\\accueil\\index.php')
 3 SYSTEMPATH\View\View.php(227): CodeIgniter\View\View->CodeIgniter\View\{closure}()
 4 SYSTEMPATH\Common.php(1173): CodeIgniter\View\View->render('accueil/index', [], true)
 5 APPPATH\Controllers\Accueil.php(9): view('accueil/index')
 6 SYSTEMPATH\CodeIgniter.php(933): App\Controllers\Accueil->index()
 7 SYSTEMPATH\CodeIgniter.php(507): CodeIgniter\CodeIgniter->runController(Object(App\Controllers\Accueil))
 8 SYSTEMPATH\CodeIgniter.php(354): CodeIgniter\CodeIgniter->handleRequest(null, Object(Config\Cache), false)
 9 SYSTEMPATH\Boot.php(334): CodeIgniter\CodeIgniter->run()
10 SYSTEMPATH\Boot.php(67): CodeIgniter\Boot::runCodeIgniter(Object(CodeIgniter\CodeIgniter))
11 FCPATH\index.php(59): CodeIgniter\Boot::bootWeb(Object(Config\Paths))
CRITICAL - 2025-06-10 16:38:22 --> ErrorException: Undefined variable $baseURL
[Method: GET, Route: accueil]
in APPPATH\Views\accueil\index.php on line 7.
 1 APPPATH\Views\accueil\index.php(7): CodeIgniter\Debug\Exceptions->errorHandler(2, 'Undefined variable $baseURL', 'C:\\wamp64\\www\\codeigniter4\\app\\Views\\accueil\\index.php', 7)
 2 SYSTEMPATH\View\View.php(224): include('C:\\wamp64\\www\\codeigniter4\\app\\Views\\accueil\\index.php')
 3 SYSTEMPATH\View\View.php(227): CodeIgniter\View\View->CodeIgniter\View\{closure}()
 4 SYSTEMPATH\Common.php(1173): CodeIgniter\View\View->render('accueil/index', [], true)
 5 APPPATH\Controllers\Accueil.php(9): view('accueil/index')
 6 SYSTEMPATH\CodeIgniter.php(933): App\Controllers\Accueil->index()
 7 SYSTEMPATH\CodeIgniter.php(507): CodeIgniter\CodeIgniter->runController(Object(App\Controllers\Accueil))
 8 SYSTEMPATH\CodeIgniter.php(354): CodeIgniter\CodeIgniter->handleRequest(null, Object(Config\Cache), false)
 9 SYSTEMPATH\Boot.php(334): CodeIgniter\CodeIgniter->run()
10 SYSTEMPATH\Boot.php(67): CodeIgniter\Boot::runCodeIgniter(Object(CodeIgniter\CodeIgniter))
11 FCPATH\index.php(59): CodeIgniter\Boot::bootWeb(Object(Config\Paths))
CRITICAL - 2025-06-10 16:38:23 --> ErrorException: Undefined variable $baseURL
[Method: GET, Route: accueil]
in APPPATH\Views\accueil\index.php on line 7.
 1 APPPATH\Views\accueil\index.php(7): CodeIgniter\Debug\Exceptions->errorHandler(2, 'Undefined variable $baseURL', 'C:\\wamp64\\www\\codeigniter4\\app\\Views\\accueil\\index.php', 7)
 2 SYSTEMPATH\View\View.php(224): include('C:\\wamp64\\www\\codeigniter4\\app\\Views\\accueil\\index.php')
 3 SYSTEMPATH\View\View.php(227): CodeIgniter\View\View->CodeIgniter\View\{closure}()
 4 SYSTEMPATH\Common.php(1173): CodeIgniter\View\View->render('accueil/index', [], true)
 5 APPPATH\Controllers\Accueil.php(9): view('accueil/index')
 6 SYSTEMPATH\CodeIgniter.php(933): App\Controllers\Accueil->index()
 7 SYSTEMPATH\CodeIgniter.php(507): CodeIgniter\CodeIgniter->runController(Object(App\Controllers\Accueil))
 8 SYSTEMPATH\CodeIgniter.php(354): CodeIgniter\CodeIgniter->handleRequest(null, Object(Config\Cache), false)
 9 SYSTEMPATH\Boot.php(334): CodeIgniter\CodeIgniter->run()
10 SYSTEMPATH\Boot.php(67): CodeIgniter\Boot::runCodeIgniter(Object(CodeIgniter\CodeIgniter))
11 FCPATH\index.php(59): CodeIgniter\Boot::bootWeb(Object(Config\Paths))
CRITICAL - 2025-06-10 16:38:24 --> ErrorException: Undefined variable $baseURL
[Method: GET, Route: accueil]
in APPPATH\Views\accueil\index.php on line 7.
 1 APPPATH\Views\accueil\index.php(7): CodeIgniter\Debug\Exceptions->errorHandler(2, 'Undefined variable $baseURL', 'C:\\wamp64\\www\\codeigniter4\\app\\Views\\accueil\\index.php', 7)
 2 SYSTEMPATH\View\View.php(224): include('C:\\wamp64\\www\\codeigniter4\\app\\Views\\accueil\\index.php')
 3 SYSTEMPATH\View\View.php(227): CodeIgniter\View\View->CodeIgniter\View\{closure}()
 4 SYSTEMPATH\Common.php(1173): CodeIgniter\View\View->render('accueil/index', [], true)
 5 APPPATH\Controllers\Accueil.php(9): view('accueil/index')
 6 SYSTEMPATH\CodeIgniter.php(933): App\Controllers\Accueil->index()
 7 SYSTEMPATH\CodeIgniter.php(507): CodeIgniter\CodeIgniter->runController(Object(App\Controllers\Accueil))
 8 SYSTEMPATH\CodeIgniter.php(354): CodeIgniter\CodeIgniter->handleRequest(null, Object(Config\Cache), false)
 9 SYSTEMPATH\Boot.php(334): CodeIgniter\CodeIgniter->run()
10 SYSTEMPATH\Boot.php(67): CodeIgniter\Boot::runCodeIgniter(Object(CodeIgniter\CodeIgniter))
11 FCPATH\index.php(59): CodeIgniter\Boot::bootWeb(Object(Config\Paths))
CRITICAL - 2025-06-10 16:38:43 --> ErrorException: Undefined variable $base_url
[Method: GET, Route: accueil]
in APPPATH\Views\accueil\index.php on line 7.
 1 APPPATH\Views\accueil\index.php(7): CodeIgniter\Debug\Exceptions->errorHandler(2, 'Undefined variable $base_url', 'C:\\wamp64\\www\\codeigniter4\\app\\Views\\accueil\\index.php', 7)
 2 SYSTEMPATH\View\View.php(224): include('C:\\wamp64\\www\\codeigniter4\\app\\Views\\accueil\\index.php')
 3 SYSTEMPATH\View\View.php(227): CodeIgniter\View\View->CodeIgniter\View\{closure}()
 4 SYSTEMPATH\Common.php(1173): CodeIgniter\View\View->render('accueil/index', [], true)
 5 APPPATH\Controllers\Accueil.php(9): view('accueil/index')
 6 SYSTEMPATH\CodeIgniter.php(933): App\Controllers\Accueil->index()
 7 SYSTEMPATH\CodeIgniter.php(507): CodeIgniter\CodeIgniter->runController(Object(App\Controllers\Accueil))
 8 SYSTEMPATH\CodeIgniter.php(354): CodeIgniter\CodeIgniter->handleRequest(null, Object(Config\Cache), false)
 9 SYSTEMPATH\Boot.php(334): CodeIgniter\CodeIgniter->run()
10 SYSTEMPATH\Boot.php(67): CodeIgniter\Boot::runCodeIgniter(Object(CodeIgniter\CodeIgniter))
11 FCPATH\index.php(59): CodeIgniter\Boot::bootWeb(Object(Config\Paths))
CRITICAL - 2025-06-10 16:38:44 --> ErrorException: Undefined variable $base_url
[Method: GET, Route: accueil]
in APPPATH\Views\accueil\index.php on line 7.
 1 APPPATH\Views\accueil\index.php(7): CodeIgniter\Debug\Exceptions->errorHandler(2, 'Undefined variable $base_url', 'C:\\wamp64\\www\\codeigniter4\\app\\Views\\accueil\\index.php', 7)
 2 SYSTEMPATH\View\View.php(224): include('C:\\wamp64\\www\\codeigniter4\\app\\Views\\accueil\\index.php')
 3 SYSTEMPATH\View\View.php(227): CodeIgniter\View\View->CodeIgniter\View\{closure}()
 4 SYSTEMPATH\Common.php(1173): CodeIgniter\View\View->render('accueil/index', [], true)
 5 APPPATH\Controllers\Accueil.php(9): view('accueil/index')
 6 SYSTEMPATH\CodeIgniter.php(933): App\Controllers\Accueil->index()
 7 SYSTEMPATH\CodeIgniter.php(507): CodeIgniter\CodeIgniter->runController(Object(App\Controllers\Accueil))
 8 SYSTEMPATH\CodeIgniter.php(354): CodeIgniter\CodeIgniter->handleRequest(null, Object(Config\Cache), false)
 9 SYSTEMPATH\Boot.php(334): CodeIgniter\CodeIgniter->run()
10 SYSTEMPATH\Boot.php(67): CodeIgniter\Boot::runCodeIgniter(Object(CodeIgniter\CodeIgniter))
11 FCPATH\index.php(59): CodeIgniter\Boot::bootWeb(Object(Config\Paths))
CRITICAL - 2025-06-10 16:39:59 --> ErrorException: Undefined variable $base_url
[Method: GET, Route: accueil]
in APPPATH\Views\accueil\index.php on line 7.
 1 APPPATH\Views\accueil\index.php(7): CodeIgniter\Debug\Exceptions->errorHandler(2, 'Undefined variable $base_url', 'C:\\wamp64\\www\\codeigniter4\\app\\Views\\accueil\\index.php', 7)
 2 SYSTEMPATH\View\View.php(224): include('C:\\wamp64\\www\\codeigniter4\\app\\Views\\accueil\\index.php')
 3 SYSTEMPATH\View\View.php(227): CodeIgniter\View\View->CodeIgniter\View\{closure}()
 4 SYSTEMPATH\Common.php(1173): CodeIgniter\View\View->render('accueil/index', [], true)
 5 APPPATH\Controllers\Accueil.php(9): view('accueil/index')
 6 SYSTEMPATH\CodeIgniter.php(933): App\Controllers\Accueil->index()
 7 SYSTEMPATH\CodeIgniter.php(507): CodeIgniter\CodeIgniter->runController(Object(App\Controllers\Accueil))
 8 SYSTEMPATH\CodeIgniter.php(354): CodeIgniter\CodeIgniter->handleRequest(null, Object(Config\Cache), false)
 9 SYSTEMPATH\Boot.php(334): CodeIgniter\CodeIgniter->run()
10 SYSTEMPATH\Boot.php(67): CodeIgniter\Boot::runCodeIgniter(Object(CodeIgniter\CodeIgniter))
11 FCPATH\index.php(59): CodeIgniter\Boot::bootWeb(Object(Config\Paths))
CRITICAL - 2025-06-10 16:47:17 --> ErrorException: Undefined variable $title
[Method: GET, Route: accueil]
in APPPATH\Views\accueil\index.php on line 6.
 1 APPPATH\Views\accueil\index.php(6): CodeIgniter\Debug\Exceptions->errorHandler(2, 'Undefined variable $title', 'C:\\wamp64\\www\\codeigniter4\\app\\Views\\accueil\\index.php', 6)
 2 SYSTEMPATH\View\View.php(224): include('C:\\wamp64\\www\\codeigniter4\\app\\Views\\accueil\\index.php')
 3 SYSTEMPATH\View\View.php(227): CodeIgniter\View\View->CodeIgniter\View\{closure}()
 4 SYSTEMPATH\Common.php(1173): CodeIgniter\View\View->render('accueil/index', [], true)
 5 APPPATH\Controllers\Accueil.php(9): view('accueil/index')
 6 SYSTEMPATH\CodeIgniter.php(933): App\Controllers\Accueil->index()
 7 SYSTEMPATH\CodeIgniter.php(507): CodeIgniter\CodeIgniter->runController(Object(App\Controllers\Accueil))
 8 SYSTEMPATH\CodeIgniter.php(354): CodeIgniter\CodeIgniter->handleRequest(null, Object(Config\Cache), false)
 9 SYSTEMPATH\Boot.php(334): CodeIgniter\CodeIgniter->run()
10 SYSTEMPATH\Boot.php(67): CodeIgniter\Boot::runCodeIgniter(Object(CodeIgniter\CodeIgniter))
11 FCPATH\index.php(59): CodeIgniter\Boot::bootWeb(Object(Config\Paths))
CRITICAL - 2025-06-10 16:47:36 --> ParseError: syntax error, unexpected token ";"
[Method: GET, Route: accueil]
in APPPATH\Views\accueil\index.php on line 6.
 1 SYSTEMPATH\View\View.php(227): CodeIgniter\View\View->CodeIgniter\View\{closure}()
 2 SYSTEMPATH\Common.php(1173): CodeIgniter\View\View->render('accueil/index', [], true)
 3 APPPATH\Controllers\Accueil.php(9): view('accueil/index')
 4 SYSTEMPATH\CodeIgniter.php(933): App\Controllers\Accueil->index()
 5 SYSTEMPATH\CodeIgniter.php(507): CodeIgniter\CodeIgniter->runController(Object(App\Controllers\Accueil))
 6 SYSTEMPATH\CodeIgniter.php(354): CodeIgniter\CodeIgniter->handleRequest(null, Object(Config\Cache), false)
 7 SYSTEMPATH\Boot.php(334): CodeIgniter\CodeIgniter->run()
 8 SYSTEMPATH\Boot.php(67): CodeIgniter\Boot::runCodeIgniter(Object(CodeIgniter\CodeIgniter))
 9 FCPATH\index.php(59): CodeIgniter\Boot::bootWeb(Object(Config\Paths))
CRITICAL - 2025-06-10 16:47:41 --> ParseError: syntax error, unexpected token ";"
[Method: GET, Route: accueil]
in APPPATH\Views\accueil\index.php on line 6.
 1 SYSTEMPATH\View\View.php(227): CodeIgniter\View\View->CodeIgniter\View\{closure}()
 2 SYSTEMPATH\Common.php(1173): CodeIgniter\View\View->render('accueil/index', [], true)
 3 APPPATH\Controllers\Accueil.php(9): view('accueil/index')
 4 SYSTEMPATH\CodeIgniter.php(933): App\Controllers\Accueil->index()
 5 SYSTEMPATH\CodeIgniter.php(507): CodeIgniter\CodeIgniter->runController(Object(App\Controllers\Accueil))
 6 SYSTEMPATH\CodeIgniter.php(354): CodeIgniter\CodeIgniter->handleRequest(null, Object(Config\Cache), false)
 7 SYSTEMPATH\Boot.php(334): CodeIgniter\CodeIgniter->run()
 8 SYSTEMPATH\Boot.php(67): CodeIgniter\Boot::runCodeIgniter(Object(CodeIgniter\CodeIgniter))
 9 FCPATH\index.php(59): CodeIgniter\Boot::bootWeb(Object(Config\Paths))
CRITICAL - 2025-06-10 16:52:01 --> CodeIgniter\View\Exceptions\ViewException: Invalid file: "layout/layout.php"
[Method: GET, Route: accueil]
in SYSTEMPATH\Exceptions\FrameworkException.php on line 39.
 1 SYSTEMPATH\View\View.php(212): CodeIgniter\Exceptions\FrameworkException::forInvalidFile('layout/layout.php')
 2 SYSTEMPATH\Common.php(1173): CodeIgniter\View\View->render('layout/layout', [], true)
 3 APPPATH\Controllers\Accueil.php(8): view('layout/layout', [...])
 4 APPPATH\Controllers\Accueil.php(18): App\Controllers\Accueil->template('Accueil', 'style.css', '<!-- DEBUG-VIEW START 1 APPPATH\\Views\\pages\\home.php -->
<h2>Salut mes amie</h2>
<!-- DEBUG-VIEW ENDED 1 APPPATH\\Views\\pages\\home.php -->
')
 5 SYSTEMPATH\CodeIgniter.php(933): App\Controllers\Accueil->index()
 6 SYSTEMPATH\CodeIgniter.php(507): CodeIgniter\CodeIgniter->runController(Object(App\Controllers\Accueil))
 7 SYSTEMPATH\CodeIgniter.php(354): CodeIgniter\CodeIgniter->handleRequest(null, Object(Config\Cache), false)
 8 SYSTEMPATH\Boot.php(334): CodeIgniter\CodeIgniter->run()
 9 SYSTEMPATH\Boot.php(67): CodeIgniter\Boot::runCodeIgniter(Object(CodeIgniter\CodeIgniter))
10 FCPATH\index.php(59): CodeIgniter\Boot::bootWeb(Object(Config\Paths))
CRITICAL - 2025-06-10 16:52:40 --> CodeIgniter\View\Exceptions\ViewException: Invalid file: "layout/layout.php"
[Method: GET, Route: accueil]
in SYSTEMPATH\Exceptions\FrameworkException.php on line 39.
 1 SYSTEMPATH\View\View.php(212): CodeIgniter\Exceptions\FrameworkException::forInvalidFile('layout/layout.php')
 2 SYSTEMPATH\Common.php(1173): CodeIgniter\View\View->render('layout/layout', [], true)
 3 APPPATH\Controllers\Accueil.php(8): view('layout/layout', [...])
 4 APPPATH\Controllers\Accueil.php(18): App\Controllers\Accueil->template('Accueil', 'style.css', '<!-- DEBUG-VIEW START 1 APPPATH\\Views\\pages\\home.php -->
<h2>Salut mes amie</h2>
<!-- DEBUG-VIEW ENDED 1 APPPATH\\Views\\pages\\home.php -->
')
 5 SYSTEMPATH\CodeIgniter.php(933): App\Controllers\Accueil->index()
 6 SYSTEMPATH\CodeIgniter.php(507): CodeIgniter\CodeIgniter->runController(Object(App\Controllers\Accueil))
 7 SYSTEMPATH\CodeIgniter.php(354): CodeIgniter\CodeIgniter->handleRequest(null, Object(Config\Cache), false)
 8 SYSTEMPATH\Boot.php(334): CodeIgniter\CodeIgniter->run()
 9 SYSTEMPATH\Boot.php(67): CodeIgniter\Boot::runCodeIgniter(Object(CodeIgniter\CodeIgniter))
10 FCPATH\index.php(59): CodeIgniter\Boot::bootWeb(Object(Config\Paths))
CRITICAL - 2025-06-10 16:53:10 --> CodeIgniter\View\Exceptions\ViewException: Invalid file: "temlate/temlate_view.php"
[Method: GET, Route: accueil]
in SYSTEMPATH\Exceptions\FrameworkException.php on line 39.
 1 SYSTEMPATH\View\View.php(212): CodeIgniter\Exceptions\FrameworkException::forInvalidFile('temlate/temlate_view.php')
 2 SYSTEMPATH\Common.php(1173): CodeIgniter\View\View->render('temlate/temlate_view', [], true)
 3 APPPATH\Controllers\Accueil.php(8): view('temlate/temlate_view', [...])
 4 APPPATH\Controllers\Accueil.php(18): App\Controllers\Accueil->template('Accueil', 'style.css', '<!-- DEBUG-VIEW START 1 APPPATH\\Views\\pages\\home.php -->
<h2>Salut mes amie</h2>
<!-- DEBUG-VIEW ENDED 1 APPPATH\\Views\\pages\\home.php -->
')
 5 SYSTEMPATH\CodeIgniter.php(933): App\Controllers\Accueil->index()
 6 SYSTEMPATH\CodeIgniter.php(507): CodeIgniter\CodeIgniter->runController(Object(App\Controllers\Accueil))
 7 SYSTEMPATH\CodeIgniter.php(354): CodeIgniter\CodeIgniter->handleRequest(null, Object(Config\Cache), false)
 8 SYSTEMPATH\Boot.php(334): CodeIgniter\CodeIgniter->run()
 9 SYSTEMPATH\Boot.php(67): CodeIgniter\Boot::runCodeIgniter(Object(CodeIgniter\CodeIgniter))
10 FCPATH\index.php(59): CodeIgniter\Boot::bootWeb(Object(Config\Paths))
